#
# A fatal error has been detected by the Java Runtime Environment:
#
#  SIGSEGV (0xb) at pc=0x0000000129a9e12f, pid=2217, tid=6403
#
# JRE version: Java(TM) SE Runtime Environment (8.0_20-b26) (build 1.8.0_20-b26)
# Java VM: Java HotSpot(TM) 64-Bit Server VM (25.20-b23 mixed mode bsd-amd64 compressed oops)
# Problematic frame:
# C  [tmp_6607862383502842251_librxtxSerial.jnilib+0x312f]  Java_gnu_io_RXTXPort_interruptEventLoop+0x6b
#
# Failed to write core dump. Core dumps have been disabled. To enable core dumping, try "ulimit -c unlimited" before starting Java again
#
# If you would like to submit a bug report, please visit:
#   http://bugreport.sun.com/bugreport/crash.jsp
# The crash happened outside the Java Virtual Machine in native code.
# See problematic frame for where to report the bug.
#

---------------  T H R E A D  ---------------

Current thread (0x00007fcf1b005800):  JavaThread "main" [_thread_in_native, id=6403, stack(0x000000010dea6000,0x000000010dfa6000)]

siginfo: si_signo: 11 (SIGSEGV), si_code: 1 (SEGV_MAPERR), si_addr: 0x000000012c559868

Registers:
RAX=0x0000000000000000, RBX=0x000000012c559700, RCX=0x00007fff90d6da3a, RDX=0xffffffffffffffff
RSP=0x000000010dfa3f50, RBP=0x000000010dfa3f60, RSI=0x0000000000000000, RDI=0x000000000000003c
R8 =0x0000000000000000, R9 =0x0000000002faf080, R10=0x0000000000000001, R11=0x0000000000000247
R12=0x0000000000000054, R13=0x0000000124d2a1e0, R14=0x000000010dfa3fd8, R15=0x00007fcf1b005800
RIP=0x0000000129a9e12f, EFLAGS=0x0000000000010202, ERR=0x0000000000000004
  TRAPNO=0x000000000000000e

Top of Stack: (sp=0x000000010dfa3f50)
0x000000010dfa3f50:   0000000124d2a1e0 0000000000000000
0x000000010dfa3f60:   000000010dfa3fb8 000000010ff30694
0x000000010dfa3f70:   000000010ff303e2 000000010dfa3f78
0x000000010dfa3f80:   0000000124d2a1e0 000000010dfa3fd8
0x000000010dfa3f90:   0000000124d78b30 0000000000000000
0x000000010dfa3fa0:   0000000124d2a1e0 0000000000000000
0x000000010dfa3fb0:   000000010dfa3fd8 000000010dfa4020
0x000000010dfa3fc0:   000000010ff2298d 0000000000000000
0x000000010dfa3fd0:   000000010ff2a2b8 0000000796f08df8
0x000000010dfa3fe0:   000000010dfa3fe0 0000000124d2a77f
0x000000010dfa3ff0:   000000010dfa4038 0000000124d78b30
0x000000010dfa4000:   0000000000000000 0000000124d2a800
0x000000010dfa4010:   000000010dfa3fd8 000000010dfa4038
0x000000010dfa4020:   000000010dfa4090 000000010ff2298d
0x000000010dfa4030:   0000000000000000 0000000796f08df8
0x000000010dfa4040:   0000000000000001 0000000795bb7790
0x000000010dfa4050:   000000010dfa4040 0000000124a08301
0x000000010dfa4060:   000000010dfa4098 0000000124c9e640
0x000000010dfa4070:   0000000000000000 0000000124a08328
0x000000010dfa4080:   000000010dfa4038 000000010dfa40a0
0x000000010dfa4090:   000000010dfa40e0 000000010ff2298d
0x000000010dfa40a0:   000000010dfa40a0 0000000124a03bd0
0x000000010dfa40b0:   000000010dfa40e8 0000000124a05370
0x000000010dfa40c0:   0000000000000000 0000000124a03be8
0x000000010dfa40d0:   000000010dfa40a0 000000010dfa40f0
0x000000010dfa40e0:   000000010dfa4150 000000010ff1b4e7
0x000000010dfa40f0:   0000000100001fa0 000000000000000a
0x000000010dfa4100:   00007fcf1b005800 0000000000000000
0x000000010dfa4110:   000000010ff1b45f 0000000124a03be8
0x000000010dfa4120:   000000010dfa41e8 000000010dfa4540
0x000000010dfa4130:   000000010000000a 0000000124a03be8
0x000000010dfa4140:   000000010ff2b940 000000010dfa4550 

Instructions: (pc=0x0000000129a9e12f)
0x0000000129a9e10f:   00 01 00 00 00 48 8b bb 78 01 00 00 be 06 00 00
0x0000000129a9e11f:   00 e8 4d 27 00 00 bf 50 c3 00 00 e8 c7 27 00 00
0x0000000129a9e12f:   83 bb 68 01 00 00 01 74 16 48 8b bb 78 01 00 00
0x0000000129a9e13f:   e8 16 27 00 00 c7 83 68 01 00 00 01 00 00 00 5b 

Register to memory mapping:

RAX=0x0000000000000000 is an unknown value
RBX=0x000000012c559700 is an unknown value
RCX=0x00007fff90d6da3a: __semwait_signal+0xa in /usr/lib/system/libsystem_kernel.dylib at 0x00007fff90d58000
RDX=0xffffffffffffffff is an unknown value
RSP=0x000000010dfa3f50 is pointing into the stack for thread: 0x00007fcf1b005800
RBP=0x000000010dfa3f60 is pointing into the stack for thread: 0x00007fcf1b005800
RSI=0x0000000000000000 is an unknown value
RDI=0x000000000000003c is an unknown value
R8 =0x0000000000000000 is an unknown value
R9 =0x0000000002faf080 is an unknown value
R10=0x0000000000000001 is an unknown value
R11=0x0000000000000247 is an unknown value
R12=0x0000000000000054 is an unknown value
R13={method} {0x0000000124d2a1e0} 'interruptEventLoop' '()V' in 'gnu/io/RXTXPort'
R14=0x000000010dfa3fd8 is pointing into the stack for thread: 0x00007fcf1b005800
R15=0x00007fcf1b005800 is a thread


Stack: [0x000000010dea6000,0x000000010dfa6000],  sp=0x000000010dfa3f50,  free space=1015k
Native frames: (J=compiled Java code, j=interpreted, Vv=VM code, C=native code)
C  [tmp_6607862383502842251_librxtxSerial.jnilib+0x312f]  Java_gnu_io_RXTXPort_interruptEventLoop+0x6b
j  gnu.io.RXTXPort.interruptEventLoop()V+0
j  gnu.io.RXTXPort.removeEventListener()V+55
j  diuf.unifr.ch.first.xwot.rxtx.RxtxConnection.close()V+9
j  utils.SerialHelpers.afterClass()V+0
v  ~StubRoutines::call_stub
V  [libjvm.dylib+0x2d429e]  JavaCalls::call_helper(JavaValue*, methodHandle*, JavaCallArguments*, Thread*)+0x6ae
V  [libjvm.dylib+0x4a2b90]  Reflection::invoke(instanceKlassHandle, methodHandle, Handle, bool, objArrayHandle, BasicType, objArrayHandle, bool, Thread*)+0xdf8
V  [libjvm.dylib+0x4a30a8]  Reflection::invoke_method(oopDesc*, Handle, objArrayHandle, Thread*)+0x16c
V  [libjvm.dylib+0x322984]  JVM_InvokeMethod+0x166
j  sun.reflect.NativeMethodAccessorImpl.invoke0(Ljava/lang/reflect/Method;Ljava/lang/Object;[Ljava/lang/Object;)Ljava/lang/Object;+0
j  sun.reflect.NativeMethodAccessorImpl.invoke(Ljava/lang/Object;[Ljava/lang/Object;)Ljava/lang/Object;+100
j  sun.reflect.DelegatingMethodAccessorImpl.invoke(Ljava/lang/Object;[Ljava/lang/Object;)Ljava/lang/Object;+6
j  java.lang.reflect.Method.invoke(Ljava/lang/Object;[Ljava/lang/Object;)Ljava/lang/Object;+56
j  org.junit.runners.model.FrameworkMethod$1.runReflectiveCall()Ljava/lang/Object;+15
j  org.junit.internal.runners.model.ReflectiveCallable.run()Ljava/lang/Object;+1
j  org.junit.runners.model.FrameworkMethod.invokeExplosively(Ljava/lang/Object;[Ljava/lang/Object;)Ljava/lang/Object;+10
j  org.junit.internal.runners.statements.RunAfters.evaluate()V+53
j  org.junit.runners.ParentRunner.run(Lorg/junit/runner/notification/RunNotifier;)V+20
j  org.apache.maven.surefire.junit4.JUnit4Provider.execute(Ljava/lang/Class;Lorg/junit/runner/notification/RunNotifier;[Ljava/lang/String;)V+116
j  org.apache.maven.surefire.junit4.JUnit4Provider.executeTestSet(Ljava/lang/Class;Lorg/apache/maven/surefire/report/RunListener;Lorg/junit/runner/notification/RunNotifier;)V+70
j  org.apache.maven.surefire.junit4.JUnit4Provider.invoke(Ljava/lang/Object;)Lorg/apache/maven/surefire/suite/RunResult;+133
v  ~StubRoutines::call_stub
V  [libjvm.dylib+0x2d429e]  JavaCalls::call_helper(JavaValue*, methodHandle*, JavaCallArguments*, Thread*)+0x6ae
V  [libjvm.dylib+0x4a2b90]  Reflection::invoke(instanceKlassHandle, methodHandle, Handle, bool, objArrayHandle, BasicType, objArrayHandle, bool, Thread*)+0xdf8
V  [libjvm.dylib+0x4a30a8]  Reflection::invoke_method(oopDesc*, Handle, objArrayHandle, Thread*)+0x16c
V  [libjvm.dylib+0x322984]  JVM_InvokeMethod+0x166
j  sun.reflect.NativeMethodAccessorImpl.invoke0(Ljava/lang/reflect/Method;Ljava/lang/Object;[Ljava/lang/Object;)Ljava/lang/Object;+0
j  sun.reflect.NativeMethodAccessorImpl.invoke(Ljava/lang/Object;[Ljava/lang/Object;)Ljava/lang/Object;+100
j  sun.reflect.DelegatingMethodAccessorImpl.invoke(Ljava/lang/Object;[Ljava/lang/Object;)Ljava/lang/Object;+6
j  java.lang.reflect.Method.invoke(Ljava/lang/Object;[Ljava/lang/Object;)Ljava/lang/Object;+56
j  org.apache.maven.surefire.util.ReflectionUtils.invokeMethodWithArray(Ljava/lang/Object;Ljava/lang/reflect/Method;[Ljava/lang/Object;)Ljava/lang/Object;+3
j  org.apache.maven.surefire.booter.ProviderFactory$ProviderProxy.invoke(Ljava/lang/Object;)Lorg/apache/maven/surefire/suite/RunResult;+38
j  org.apache.maven.surefire.booter.ProviderFactory.invokeProvider(Ljava/lang/Object;Ljava/lang/ClassLoader;Ljava/lang/ClassLoader;Ljava/lang/Object;Lorg/apache/maven/surefire/booter/ProviderConfiguration;ZLorg/apache/maven/surefire/booter/StartupConfiguration;Z)Lorg/apache/maven/surefire/suite/RunResult;+38
j  org.apache.maven.surefire.booter.ForkedBooter.runSuitesInProcess(Ljava/lang/Object;Ljava/lang/ClassLoader;Lorg/apache/maven/surefire/booter/StartupConfiguration;Lorg/apache/maven/surefire/booter/ProviderConfiguration;Ljava/io/PrintStream;)Lorg/apache/maven/surefire/suite/RunResult;+45
j  org.apache.maven.surefire.booter.ForkedBooter.main([Ljava/lang/String;)V+136
v  ~StubRoutines::call_stub
V  [libjvm.dylib+0x2d429e]  JavaCalls::call_helper(JavaValue*, methodHandle*, JavaCallArguments*, Thread*)+0x6ae
V  [libjvm.dylib+0x309377]  jni_invoke_static(JNIEnv_*, JavaValue*, _jobject*, JNICallType, _jmethodID*, JNI_ArgumentPusher*, Thread*)+0x1bf
V  [libjvm.dylib+0x302571]  jni_CallStaticVoidMethod+0x15d
C  [java+0x2c82]  JavaMain+0x998
C  [libsystem_pthread.dylib+0x1899]  _pthread_body+0x8a
C  [libsystem_pthread.dylib+0x172a]  _pthread_struct_init+0x0
C  [libsystem_pthread.dylib+0x5fc9]  thread_start+0xd
C  0x0000000000000000

Java frames: (J=compiled Java code, j=interpreted, Vv=VM code)
j  gnu.io.RXTXPort.interruptEventLoop()V+0
j  gnu.io.RXTXPort.removeEventListener()V+55
j  diuf.unifr.ch.first.xwot.rxtx.RxtxConnection.close()V+9
j  utils.SerialHelpers.afterClass()V+0
v  ~StubRoutines::call_stub
j  sun.reflect.NativeMethodAccessorImpl.invoke0(Ljava/lang/reflect/Method;Ljava/lang/Object;[Ljava/lang/Object;)Ljava/lang/Object;+0
j  sun.reflect.NativeMethodAccessorImpl.invoke(Ljava/lang/Object;[Ljava/lang/Object;)Ljava/lang/Object;+100
j  sun.reflect.DelegatingMethodAccessorImpl.invoke(Ljava/lang/Object;[Ljava/lang/Object;)Ljava/lang/Object;+6
j  java.lang.reflect.Method.invoke(Ljava/lang/Object;[Ljava/lang/Object;)Ljava/lang/Object;+56
j  org.junit.runners.model.FrameworkMethod$1.runReflectiveCall()Ljava/lang/Object;+15
j  org.junit.internal.runners.model.ReflectiveCallable.run()Ljava/lang/Object;+1
j  org.junit.runners.model.FrameworkMethod.invokeExplosively(Ljava/lang/Object;[Ljava/lang/Object;)Ljava/lang/Object;+10
j  org.junit.internal.runners.statements.RunAfters.evaluate()V+53
j  org.junit.runners.ParentRunner.run(Lorg/junit/runner/notification/RunNotifier;)V+20
j  org.apache.maven.surefire.junit4.JUnit4Provider.execute(Ljava/lang/Class;Lorg/junit/runner/notification/RunNotifier;[Ljava/lang/String;)V+116
j  org.apache.maven.surefire.junit4.JUnit4Provider.executeTestSet(Ljava/lang/Class;Lorg/apache/maven/surefire/report/RunListener;Lorg/junit/runner/notification/RunNotifier;)V+70
j  org.apache.maven.surefire.junit4.JUnit4Provider.invoke(Ljava/lang/Object;)Lorg/apache/maven/surefire/suite/RunResult;+133
v  ~StubRoutines::call_stub
j  sun.reflect.NativeMethodAccessorImpl.invoke0(Ljava/lang/reflect/Method;Ljava/lang/Object;[Ljava/lang/Object;)Ljava/lang/Object;+0
j  sun.reflect.NativeMethodAccessorImpl.invoke(Ljava/lang/Object;[Ljava/lang/Object;)Ljava/lang/Object;+100
j  sun.reflect.DelegatingMethodAccessorImpl.invoke(Ljava/lang/Object;[Ljava/lang/Object;)Ljava/lang/Object;+6
j  java.lang.reflect.Method.invoke(Ljava/lang/Object;[Ljava/lang/Object;)Ljava/lang/Object;+56
j  org.apache.maven.surefire.util.ReflectionUtils.invokeMethodWithArray(Ljava/lang/Object;Ljava/lang/reflect/Method;[Ljava/lang/Object;)Ljava/lang/Object;+3
j  org.apache.maven.surefire.booter.ProviderFactory$ProviderProxy.invoke(Ljava/lang/Object;)Lorg/apache/maven/surefire/suite/RunResult;+38
j  org.apache.maven.surefire.booter.ProviderFactory.invokeProvider(Ljava/lang/Object;Ljava/lang/ClassLoader;Ljava/lang/ClassLoader;Ljava/lang/Object;Lorg/apache/maven/surefire/booter/ProviderConfiguration;ZLorg/apache/maven/surefire/booter/StartupConfiguration;Z)Lorg/apache/maven/surefire/suite/RunResult;+38
j  org.apache.maven.surefire.booter.ForkedBooter.runSuitesInProcess(Ljava/lang/Object;Ljava/lang/ClassLoader;Lorg/apache/maven/surefire/booter/StartupConfiguration;Lorg/apache/maven/surefire/booter/ProviderConfiguration;Ljava/io/PrintStream;)Lorg/apache/maven/surefire/suite/RunResult;+45
j  org.apache.maven.surefire.booter.ForkedBooter.main([Ljava/lang/String;)V+136
v  ~StubRoutines::call_stub

---------------  P R O C E S S  ---------------

Java Threads: ( => current thread )
  0x00007fcf1ba6d000 JavaThread "Thread-1" [_thread_in_native, id=51203, stack(0x000000012c5e0000,0x000000012c6e0000)]
  0x00007fcf1d873800 JavaThread "TimerQueue" daemon [_thread_blocked, id=50183, stack(0x000000012c357000,0x000000012c457000)]
  0x00007fcf1b1d3000 JavaThread "AWT-Shutdown" [_thread_blocked, id=31243, stack(0x00000001296e5000,0x00000001297e5000)]
  0x00007fcf1c97b000 JavaThread "AWT-AppKit" daemon [_thread_in_native, id=1287, stack(0x00007fff516a1000,0x00007fff51ea1000)]
  0x00007fcf1c970800 JavaThread "process reaper" daemon [_thread_in_native, id=23299, stack(0x0000000127d2d000,0x0000000127d55000)]
  0x00007fcf1c848000 JavaThread "Service Thread" daemon [_thread_blocked, id=22275, stack(0x000000012764f000,0x000000012774f000)]
  0x00007fcf1c83f800 JavaThread "C1 CompilerThread3" daemon [_thread_blocked, id=21763, stack(0x000000012754c000,0x000000012764c000)]
  0x00007fcf1c83e800 JavaThread "C2 CompilerThread2" daemon [_thread_blocked, id=21251, stack(0x0000000127449000,0x0000000127549000)]
  0x00007fcf1c83e000 JavaThread "C2 CompilerThread1" daemon [_thread_blocked, id=20739, stack(0x0000000127346000,0x0000000127446000)]
  0x00007fcf1c832000 JavaThread "C2 CompilerThread0" daemon [_thread_blocked, id=20227, stack(0x0000000127243000,0x0000000127343000)]
  0x00007fcf1c831000 JavaThread "Signal Dispatcher" daemon [_thread_blocked, id=19715, stack(0x0000000127140000,0x0000000127240000)]
  0x00007fcf1b064000 JavaThread "Finalizer" daemon [_thread_blocked, id=14595, stack(0x0000000126ef1000,0x0000000126ff1000)]
  0x00007fcf1b807000 JavaThread "Reference Handler" daemon [_thread_blocked, id=14083, stack(0x0000000126dee000,0x0000000126eee000)]
=>0x00007fcf1b005800 JavaThread "main" [_thread_in_native, id=6403, stack(0x000000010dea6000,0x000000010dfa6000)]

Other Threads:
  0x00007fcf1b063800 VMThread [stack: 0x0000000126ceb000,0x0000000126deb000] [id=13571]
  0x00007fcf1c802000 WatcherThread [stack: 0x0000000127752000,0x0000000127852000] [id=22787]

VM state:not at safepoint (normal execution)

VM Mutex/Monitor currently owned by a thread: None

Heap:
 PSYoungGen      total 38400K, used 31321K [0x0000000795580000, 0x0000000798000000, 0x00000007c0000000)
  eden space 33280K, 94% used [0x0000000795580000,0x0000000797416760,0x0000000797600000)
  from space 5120K, 0% used [0x0000000797b00000,0x0000000797b00000,0x0000000798000000)
  to   space 5120K, 0% used [0x0000000797600000,0x0000000797600000,0x0000000797b00000)
 ParOldGen       total 87552K, used 0K [0x0000000740000000, 0x0000000745580000, 0x0000000795580000)
  object space 87552K, 0% used [0x0000000740000000,0x0000000740000000,0x0000000745580000)
 Metaspace       used 9467K, capacity 9720K, committed 9984K, reserved 1058816K
  class space    used 1167K, capacity 1211K, committed 1280K, reserved 1048576K

Card table byte_map: [0x000000011f2db000,0x000000011f6dc000] byte_map_base: 0x000000011b8db000

Marking Bits: (ParMarkBitMap*) 0x000000010f89c330
 Begin Bits: [0x000000012019f000, 0x000000012219f000)
 End Bits:   [0x000000012219f000, 0x000000012419f000)

Polling page: 0x000000010dfea000

CodeCache: size=245760Kb used=2866Kb max_used=2866Kb free=242893Kb
 bounds [0x000000010ff1b000, 0x00000001101eb000, 0x000000011ef1b000]
 total_blobs=995 nmethods=676 adapters=234
 compilation: enabled

Compilation events (10 events):
Event: 0,703 Thread 0x00007fcf1c83f800  673       3       java.util.regex.Matcher::reset (83 bytes)
Event: 0,703 Thread 0x00007fcf1c83f800 nmethod 673 0x00000001101e6e90 code [0x00000001101e7020, 0x00000001101e74c8]
Event: 0,703 Thread 0x00007fcf1c83f800  672       3       java.util.regex.Pattern$Curly::match0 (174 bytes)
Event: 0,704 Thread 0x00007fcf1c83f800 nmethod 672 0x00000001101e5e90 code [0x00000001101e6080, 0x00000001101e6ab8]
Event: 0,704 Thread 0x00007fcf1c83f800  674       1       java.lang.Integer::intValue (5 bytes)
Event: 0,704 Thread 0x00007fcf1c83f800 nmethod 674 0x00000001101e8e90 code [0x00000001101e8fe0, 0x00000001101e90f0]
Event: 0,705 Thread 0x00007fcf1c83f800  675       3       java.nio.ByteBuffer::array (35 bytes)
Event: 0,705 Thread 0x00007fcf1c83f800 nmethod 675 0x00000001101e9150 code [0x00000001101e92e0, 0x00000001101e95d8]
Event: 0,715 Thread 0x00007fcf1c83f800  676       3       java.util.Date::getTime (5 bytes)
Event: 0,716 Thread 0x00007fcf1c83f800 nmethod 676 0x00000001101e9710 code [0x00000001101e9880, 0x00000001101e9b88]

GC Heap History (0 events):
No events

Deoptimization events (1 events):
Event: 0,476 Thread 0x00007fcf1b005800 Uncommon trap: reason=range_check action=make_not_entrant pc=0x0000000110173d88 method=sun.reflect.generics.parser.SignatureParser.current()C @ 34

Internal exceptions (10 events):
Event: 0,710 Thread 0x00007fcf1b005800 Exception <a 'java/security/PrivilegedActionException'> (0x0000000797372f90) thrown at [/HUDSON3/workspace/8-2-build-macosx-x86_64/jdk8u20/1074/hotspot/src/share/vm/prims/jvm.cpp, line 1275]
Event: 0,710 Thread 0x00007fcf1b005800 Exception <a 'java/security/PrivilegedActionException'> (0x0000000797379c78) thrown at [/HUDSON3/workspace/8-2-build-macosx-x86_64/jdk8u20/1074/hotspot/src/share/vm/prims/jvm.cpp, line 1275]
Event: 0,711 Thread 0x00007fcf1b005800 Exception <a 'java/security/PrivilegedActionException'> (0x0000000797386f58) thrown at [/HUDSON3/workspace/8-2-build-macosx-x86_64/jdk8u20/1074/hotspot/src/share/vm/prims/jvm.cpp, line 1275]
Event: 0,711 Thread 0x00007fcf1b005800 Exception <a 'java/security/PrivilegedActionException'> (0x000000079738d330) thrown at [/HUDSON3/workspace/8-2-build-macosx-x86_64/jdk8u20/1074/hotspot/src/share/vm/prims/jvm.cpp, line 1275]
Event: 0,712 Thread 0x00007fcf1b1c6000 Exception <a 'java/security/PrivilegedActionException'> (0x0000000796f8aaf8) thrown at [/HUDSON3/workspace/8-2-build-macosx-x86_64/jdk8u20/1074/hotspot/src/share/vm/prims/jvm.cpp, line 1275]
Event: 0,714 Thread 0x00007fcf1b005800 Exception <a 'java/security/PrivilegedActionException'> (0x0000000797395308) thrown at [/HUDSON3/workspace/8-2-build-macosx-x86_64/jdk8u20/1074/hotspot/src/share/vm/prims/jvm.cpp, line 1275]
Event: 0,715 Thread 0x00007fcf1b005800 Exception <a 'java/security/PrivilegedActionException'> (0x000000079739c9f8) thrown at [/HUDSON3/workspace/8-2-build-macosx-x86_64/jdk8u20/1074/hotspot/src/share/vm/prims/jvm.cpp, line 1275]
Event: 0,715 Thread 0x00007fcf1b005800 Exception <a 'java/security/PrivilegedActionException'> (0x00000007973a2fb0) thrown at [/HUDSON3/workspace/8-2-build-macosx-x86_64/jdk8u20/1074/hotspot/src/share/vm/prims/jvm.cpp, line 1275]
Event: 0,716 Thread 0x00007fcf1b005800 Exception <a 'java/security/PrivilegedActionException'> (0x00000007973aa478) thrown at [/HUDSON3/workspace/8-2-build-macosx-x86_64/jdk8u20/1074/hotspot/src/share/vm/prims/jvm.cpp, line 1275]
Event: 0,716 Thread 0x00007fcf1b005800 Exception <a 'java/security/PrivilegedActionException'> (0x00000007973b1578) thrown at [/HUDSON3/workspace/8-2-build-macosx-x86_64/jdk8u20/1074/hotspot/src/share/vm/prims/jvm.cpp, line 1275]

Events (10 events):
Event: 0,713 loading class com/google/gson/JsonParser done
Event: 0,715 loading class com/google/gson/internal/JsonReaderInternalAccess
Event: 0,715 loading class com/google/gson/internal/JsonReaderInternalAccess done
Event: 0,715 loading class com/google/gson/stream/JsonReader$1
Event: 0,715 loading class com/google/gson/stream/JsonReader$1 done
Event: 0,716 loading class com/google/gson/stream/JsonToken
Event: 0,716 loading class com/google/gson/stream/JsonToken done
Event: 0,716 loading class com/google/gson/internal/bind/TypeAdapters$32
Event: 0,716 loading class com/google/gson/internal/bind/TypeAdapters$32 done
Event: 0,734 Thread 0x00007fcf1b1c6000 Thread exited: 0x00007fcf1b1c6000


Dynamic libraries:
0x000000000354a000 	/System/Library/Frameworks/Cocoa.framework/Versions/A/Cocoa
0x000000000354a000 	/System/Library/Frameworks/Security.framework/Versions/A/Security
0x000000000354a000 	/System/Library/Frameworks/ApplicationServices.framework/Versions/A/ApplicationServices
0x000000000354a000 	/usr/lib/libz.1.dylib
0x000000000354a000 	/usr/lib/libSystem.B.dylib
0x000000000354a000 	/usr/lib/libobjc.A.dylib
0x000000000354a000 	/System/Library/Frameworks/CoreFoundation.framework/Versions/A/CoreFoundation
0x000000000354a000 	/System/Library/Frameworks/Foundation.framework/Versions/C/Foundation
0x000000000354a000 	/System/Library/Frameworks/AppKit.framework/Versions/C/AppKit
0x000000000354a000 	/System/Library/Frameworks/CoreData.framework/Versions/A/CoreData
0x000000000354a000 	/System/Library/PrivateFrameworks/RemoteViewServices.framework/Versions/A/RemoteViewServices
0x000000000354a000 	/System/Library/Frameworks/AudioToolbox.framework/Versions/A/AudioToolbox
0x000000000354a000 	/System/Library/Frameworks/AudioUnit.framework/Versions/A/AudioUnit
0x000000000354a000 	/System/Library/PrivateFrameworks/DataDetectorsCore.framework/Versions/A/DataDetectorsCore
0x000000000354a000 	/System/Library/PrivateFrameworks/DesktopServicesPriv.framework/Versions/A/DesktopServicesPriv
0x000000000354a000 	/System/Library/Frameworks/Carbon.framework/Versions/A/Frameworks/HIToolbox.framework/Versions/A/HIToolbox
0x000000000354a000 	/System/Library/Frameworks/QuartzCore.framework/Versions/A/QuartzCore
0x000000000354a000 	/System/Library/Frameworks/Carbon.framework/Versions/A/Frameworks/SpeechRecognition.framework/Versions/A/SpeechRecognition
0x000000000354a000 	/usr/lib/libauto.dylib
0x000000000354a000 	/usr/lib/libicucore.A.dylib
0x000000000354a000 	/usr/lib/libxml2.2.dylib
0x000000000354a000 	/System/Library/PrivateFrameworks/CoreUI.framework/Versions/A/CoreUI
0x000000000354a000 	/System/Library/Frameworks/CoreAudio.framework/Versions/A/CoreAudio
0x000000000354a000 	/System/Library/Frameworks/DiskArbitration.framework/Versions/A/DiskArbitration
0x000000000354a000 	/usr/lib/liblangid.dylib
0x000000000354a000 	/System/Library/PrivateFrameworks/MultitouchSupport.framework/Versions/A/MultitouchSupport
0x000000000354a000 	/System/Library/Frameworks/IOKit.framework/Versions/A/IOKit
0x000000000354a000 	/usr/lib/libDiagnosticMessagesClient.dylib
0x000000000354a000 	/System/Library/Frameworks/CoreServices.framework/Versions/A/CoreServices
0x000000000354a000 	/System/Library/PrivateFrameworks/PerformanceAnalysis.framework/Versions/A/PerformanceAnalysis
0x000000000354a000 	/System/Library/PrivateFrameworks/GenerationalStorage.framework/Versions/A/GenerationalStorage
0x000000000354a000 	/System/Library/Frameworks/OpenGL.framework/Versions/A/OpenGL
0x000000000354a000 	/System/Library/PrivateFrameworks/Sharing.framework/Versions/A/Sharing
0x000000000354a000 	/System/Library/Frameworks/ImageIO.framework/Versions/A/ImageIO
0x000000000354a000 	/System/Library/Frameworks/CoreText.framework/Versions/A/CoreText
0x000000000354a000 	/System/Library/Frameworks/CoreGraphics.framework/Versions/A/CoreGraphics
0x000000000354a000 	/System/Library/PrivateFrameworks/Backup.framework/Versions/A/Backup
0x000000000354a000 	/System/Library/Frameworks/CFNetwork.framework/Versions/A/CFNetwork
0x000000000354a000 	/System/Library/Frameworks/SystemConfiguration.framework/Versions/A/SystemConfiguration
0x000000000354a000 	/usr/lib/libCRFSuite.dylib
0x000000000354a000 	/usr/lib/libc++.1.dylib
0x000000000354a000 	/usr/lib/libc++abi.dylib
0x000000000354a000 	/usr/lib/system/libcache.dylib
0x000000000354a000 	/usr/lib/system/libcommonCrypto.dylib
0x000000000354a000 	/usr/lib/system/libcompiler_rt.dylib
0x000000000354a000 	/usr/lib/system/libcopyfile.dylib
0x000000000354a000 	/usr/lib/system/libcorecrypto.dylib
0x000000000354a000 	/usr/lib/system/libdispatch.dylib
0x000000000354a000 	/usr/lib/system/libdyld.dylib
0x000000000354a000 	/usr/lib/system/libkeymgr.dylib
0x000000000354a000 	/usr/lib/system/liblaunch.dylib
0x000000000354a000 	/usr/lib/system/libmacho.dylib
0x000000000354a000 	/usr/lib/system/libquarantine.dylib
0x000000000354a000 	/usr/lib/system/libremovefile.dylib
0x000000000354a000 	/usr/lib/system/libsystem_asl.dylib
0x000000000354a000 	/usr/lib/system/libsystem_blocks.dylib
0x000000000354a000 	/usr/lib/system/libsystem_c.dylib
0x000000000354a000 	/usr/lib/system/libsystem_configuration.dylib
0x000000000354a000 	/usr/lib/system/libsystem_dnssd.dylib
0x000000000354a000 	/usr/lib/system/libsystem_info.dylib
0x000000000354a000 	/usr/lib/system/libsystem_kernel.dylib
0x000000000354a000 	/usr/lib/system/libsystem_m.dylib
0x000000000354a000 	/usr/lib/system/libsystem_malloc.dylib
0x000000000354a000 	/usr/lib/system/libsystem_network.dylib
0x000000000354a000 	/usr/lib/system/libsystem_notify.dylib
0x000000000354a000 	/usr/lib/system/libsystem_platform.dylib
0x000000000354a000 	/usr/lib/system/libsystem_pthread.dylib
0x000000000354a000 	/usr/lib/system/libsystem_sandbox.dylib
0x000000000354a000 	/usr/lib/system/libsystem_stats.dylib
0x000000000354a000 	/usr/lib/system/libunc.dylib
0x000000000354a000 	/usr/lib/system/libunwind.dylib
0x000000000354a000 	/usr/lib/system/libxpc.dylib
0x000000000354a000 	/usr/lib/libbsm.0.dylib
0x000000000354a000 	/usr/lib/libsqlite3.dylib
0x000000000354a000 	/usr/lib/libxar.1.dylib
0x000000000354a000 	/usr/lib/libpam.2.dylib
0x000000000354a000 	/usr/lib/libOpenScriptingUtil.dylib
0x000000000354a000 	/usr/lib/libbz2.1.0.dylib
0x000000000354a000 	/System/Library/Frameworks/CoreServices.framework/Versions/A/Frameworks/CarbonCore.framework/Versions/A/CarbonCore
0x000000000354a000 	/System/Library/Frameworks/CoreServices.framework/Versions/A/Frameworks/Metadata.framework/Versions/A/Metadata
0x000000000354a000 	/System/Library/Frameworks/CoreServices.framework/Versions/A/Frameworks/OSServices.framework/Versions/A/OSServices
0x000000000354a000 	/System/Library/Frameworks/CoreServices.framework/Versions/A/Frameworks/SearchKit.framework/Versions/A/SearchKit
0x000000000354a000 	/System/Library/Frameworks/CoreServices.framework/Versions/A/Frameworks/AE.framework/Versions/A/AE
0x000000000354a000 	/System/Library/Frameworks/CoreServices.framework/Versions/A/Frameworks/LaunchServices.framework/Versions/A/LaunchServices
0x000000000354a000 	/System/Library/Frameworks/CoreServices.framework/Versions/A/Frameworks/DictionaryServices.framework/Versions/A/DictionaryServices
0x000000000354a000 	/System/Library/Frameworks/NetFS.framework/Versions/A/NetFS
0x000000000354a000 	/usr/lib/system/libkxld.dylib
0x000000000354a000 	/System/Library/PrivateFrameworks/NetAuth.framework/Versions/A/NetAuth
0x000000000354a000 	/System/Library/PrivateFrameworks/TCC.framework/Versions/A/TCC
0x000000000354a000 	/System/Library/Frameworks/OpenDirectory.framework/Versions/A/Frameworks/CFOpenDirectory.framework/Versions/A/CFOpenDirectory
0x000000000354a000 	/System/Library/Frameworks/ServiceManagement.framework/Versions/A/ServiceManagement
0x000000000354a000 	/usr/lib/libxslt.1.dylib
0x000000000354a000 	/System/Library/Frameworks/Carbon.framework/Versions/A/Frameworks/Ink.framework/Versions/A/Ink
0x000000000354a000 	/System/Library/Frameworks/ApplicationServices.framework/Versions/A/Frameworks/ATS.framework/Versions/A/ATS
0x000000000354a000 	/System/Library/Frameworks/ApplicationServices.framework/Versions/A/Frameworks/ColorSync.framework/Versions/A/ColorSync
0x000000000354a000 	/System/Library/Frameworks/ApplicationServices.framework/Versions/A/Frameworks/HIServices.framework/Versions/A/HIServices
0x000000000354a000 	/System/Library/Frameworks/ApplicationServices.framework/Versions/A/Frameworks/LangAnalysis.framework/Versions/A/LangAnalysis
0x000000000354a000 	/System/Library/Frameworks/ApplicationServices.framework/Versions/A/Frameworks/PrintCore.framework/Versions/A/PrintCore
0x000000000354a000 	/System/Library/Frameworks/ApplicationServices.framework/Versions/A/Frameworks/QD.framework/Versions/A/QD
0x000000000354a000 	/System/Library/Frameworks/ApplicationServices.framework/Versions/A/Frameworks/SpeechSynthesis.framework/Versions/A/SpeechSynthesis
0x000000000354a000 	/System/Library/Frameworks/IOSurface.framework/Versions/A/IOSurface
0x000000000354a000 	/System/Library/Frameworks/Accelerate.framework/Versions/A/Accelerate
0x000000000354a000 	/System/Library/Frameworks/Accelerate.framework/Versions/A/Frameworks/vImage.framework/Versions/A/vImage
0x000000000354a000 	/System/Library/Frameworks/Accelerate.framework/Versions/A/Frameworks/vecLib.framework/Versions/A/vecLib
0x000000000354a000 	/System/Library/Frameworks/Accelerate.framework/Versions/A/Frameworks/vecLib.framework/Versions/A/libvDSP.dylib
0x000000000354a000 	/System/Library/Frameworks/Accelerate.framework/Versions/A/Frameworks/vecLib.framework/Versions/A/libvMisc.dylib
0x000000000354a000 	/System/Library/Frameworks/Accelerate.framework/Versions/A/Frameworks/vecLib.framework/Versions/A/libLAPACK.dylib
0x000000000354a000 	/System/Library/Frameworks/Accelerate.framework/Versions/A/Frameworks/vecLib.framework/Versions/A/libBLAS.dylib
0x000000000354a000 	/System/Library/Frameworks/ApplicationServices.framework/Versions/A/Frameworks/ATS.framework/Versions/A/Resources/libFontParser.dylib
0x000000000354a000 	/System/Library/Frameworks/ApplicationServices.framework/Versions/A/Frameworks/ATS.framework/Versions/A/Resources/libFontRegistry.dylib
0x000000000354a000 	/System/Library/Frameworks/ImageIO.framework/Versions/A/Resources/libJPEG.dylib
0x000000000354a000 	/System/Library/Frameworks/ImageIO.framework/Versions/A/Resources/libTIFF.dylib
0x000000000354a000 	/System/Library/Frameworks/ImageIO.framework/Versions/A/Resources/libPng.dylib
0x000000000354a000 	/System/Library/Frameworks/ImageIO.framework/Versions/A/Resources/libGIF.dylib
0x000000000354a000 	/System/Library/Frameworks/ImageIO.framework/Versions/A/Resources/libJP2.dylib
0x000000000354a000 	/System/Library/Frameworks/ImageIO.framework/Versions/A/Resources/libRadiance.dylib
0x000000000354a000 	/usr/lib/libcups.2.dylib
0x000000000354a000 	/System/Library/Frameworks/Kerberos.framework/Versions/A/Kerberos
0x000000000354a000 	/System/Library/Frameworks/GSS.framework/Versions/A/GSS
0x000000000354a000 	/usr/lib/libresolv.9.dylib
0x000000000354a000 	/usr/lib/libiconv.2.dylib
0x000000000354a000 	/System/Library/PrivateFrameworks/Heimdal.framework/Versions/A/Heimdal
0x000000000354a000 	/System/Library/PrivateFrameworks/TrustEvaluationAgent.framework/Versions/A/TrustEvaluationAgent
0x000000000354a000 	/usr/lib/libheimdal-asn1.dylib
0x000000000354a000 	/System/Library/Frameworks/OpenDirectory.framework/Versions/A/OpenDirectory
0x000000000354a000 	/System/Library/PrivateFrameworks/CommonAuth.framework/Versions/A/CommonAuth
0x000000000354a000 	/System/Library/Frameworks/SecurityFoundation.framework/Versions/A/SecurityFoundation
0x000000000354a000 	/System/Library/PrivateFrameworks/Bom.framework/Versions/A/Bom
0x000000000354a000 	/System/Library/Frameworks/CoreVideo.framework/Versions/A/CoreVideo
0x000000000354a000 	/System/Library/Frameworks/QuartzCore.framework/Versions/A/Frameworks/CoreImage.framework/Versions/A/CoreImage
0x000000000354a000 	/System/Library/Frameworks/QuartzCore.framework/Versions/A/Frameworks/ScalableUserInterface.framework/Versions/A/ScalableUserInterface
0x000000000354a000 	/System/Library/Frameworks/OpenGL.framework/Versions/A/Libraries/libGLU.dylib
0x000000000354a000 	/System/Library/Frameworks/OpenGL.framework/Versions/A/Libraries/libGFXShared.dylib
0x000000000354a000 	/System/Library/Frameworks/OpenGL.framework/Versions/A/Libraries/libGL.dylib
0x000000000354a000 	/System/Library/Frameworks/OpenGL.framework/Versions/A/Libraries/libGLImage.dylib
0x000000000354a000 	/System/Library/Frameworks/OpenGL.framework/Versions/A/Libraries/libCVMSPluginSupport.dylib
0x000000000354a000 	/System/Library/Frameworks/OpenGL.framework/Versions/A/Libraries/libCoreVMClient.dylib
0x000000000354a000 	/System/Library/PrivateFrameworks/FaceCore.framework/Versions/A/FaceCore
0x000000000354a000 	/System/Library/PrivateFrameworks/CrashReporterSupport.framework/Versions/A/CrashReporterSupport
0x000000000354a000 	/System/Library/Frameworks/OpenCL.framework/Versions/A/OpenCL
0x000000000354a000 	/System/Library/PrivateFrameworks/AppleFSCompression.framework/Versions/A/AppleFSCompression
0x000000000354a000 	/System/Library/PrivateFrameworks/Ubiquity.framework/Versions/A/Ubiquity
0x000000000354a000 	/System/Library/PrivateFrameworks/IconServices.framework/Versions/A/IconServices
0x000000000354a000 	/System/Library/PrivateFrameworks/ChunkingLibrary.framework/Versions/A/ChunkingLibrary
0x000000000354a000 	/System/Library/PrivateFrameworks/CoreSymbolication.framework/Versions/A/CoreSymbolication
0x000000000354a000 	/System/Library/PrivateFrameworks/Symbolication.framework/Versions/A/Symbolication
0x000000000354a000 	/System/Library/PrivateFrameworks/DebugSymbols.framework/Versions/A/DebugSymbols
0x000000010f000000 	/Library/Java/JavaVirtualMachines/jdk1.8.0_20.jdk/Contents/Home/jre/lib/server/libjvm.dylib
0x000000000354a000 	/usr/lib/libstdc++.6.dylib
0x000000010dfa8000 	/Library/Java/JavaVirtualMachines/jdk1.8.0_20.jdk/Contents/Home/jre/lib/libverify.dylib
0x000000010dfb6000 	/Library/Java/JavaVirtualMachines/jdk1.8.0_20.jdk/Contents/Home/jre/lib/libjava.dylib
0x000000010dff4000 	/Library/Java/JavaVirtualMachines/jdk1.8.0_20.jdk/Contents/Home/jre/lib/libzip.dylib
0x0000000126ff3000 	/System/Library/Frameworks/JavaVM.framework/Frameworks/JavaRuntimeSupport.framework/JavaRuntimeSupport
0x000000012700b000 	/System/Library/Frameworks/JavaVM.framework/Versions/A/Frameworks/JavaNativeFoundation.framework/Versions/A/JavaNativeFoundation
0x0000000127020000 	/System/Library/Frameworks/JavaVM.framework/Versions/A/JavaVM
0x000000000354a000 	/System/Library/Frameworks/Carbon.framework/Versions/A/Carbon
0x000000012702d000 	/System/Library/PrivateFrameworks/JavaLaunching.framework/Versions/A/JavaLaunching
0x000000000354a000 	/System/Library/Frameworks/Carbon.framework/Versions/A/Frameworks/CommonPanels.framework/Versions/A/CommonPanels
0x000000000354a000 	/System/Library/Frameworks/Carbon.framework/Versions/A/Frameworks/Help.framework/Versions/A/Help
0x000000000354a000 	/System/Library/Frameworks/Carbon.framework/Versions/A/Frameworks/ImageCapture.framework/Versions/A/ImageCapture
0x000000000354a000 	/System/Library/Frameworks/Carbon.framework/Versions/A/Frameworks/OpenScripting.framework/Versions/A/OpenScripting
0x000000000354a000 	/System/Library/Frameworks/Carbon.framework/Versions/A/Frameworks/Print.framework/Versions/A/Print
0x000000000354a000 	/System/Library/Frameworks/Carbon.framework/Versions/A/Frameworks/SecurityHI.framework/Versions/A/SecurityHI
0x0000000127ccd000 	/Library/Java/JavaVirtualMachines/jdk1.8.0_20.jdk/Contents/Home/jre/lib/libnet.dylib
0x0000000127d57000 	/Library/Java/JavaVirtualMachines/jdk1.8.0_20.jdk/Contents/Home/jre/lib/libawt.dylib
0x0000000127e06000 	/Library/Java/JavaVirtualMachines/jdk1.8.0_20.jdk/Contents/Home/jre/lib/./libmlib_image.dylib
0x0000000127ed2000 	/Library/Java/JavaVirtualMachines/jdk1.8.0_20.jdk/Contents/Home/jre/lib/libawt_lwawt.dylib
0x0000000127f85000 	/Library/Java/JavaVirtualMachines/jdk1.8.0_20.jdk/Contents/Home/jre/lib/./libosxapp.dylib
0x000000000354a000 	/System/Library/Frameworks/ExceptionHandling.framework/Versions/A/ExceptionHandling
0x000000000354a000 	/System/Library/PrivateFrameworks/CoreServicesInternal.framework/Versions/A/CoreServicesInternal
0x000000000354a000 	/System/Library/PrivateFrameworks/Librarian.framework/Versions/A/Librarian
0x000000000354a000 	/System/Library/Frameworks/CoreGraphics.framework/Versions/A/Resources/libCGCMS.A.dylib
0x000000000354a000 	/System/Library/Frameworks/CoreGraphics.framework/Versions/A/Resources/libRIP.A.dylib
0x000000000354a000 	/System/Library/Frameworks/CoreGraphics.framework/Versions/A/Resources/libCGXType.A.dylib
0x000000000354a000 	/System/Library/PrivateFrameworks/FamilyControls.framework/Versions/A/FamilyControls
0x000000000354a000 	/System/Library/PrivateFrameworks/CommerceKit.framework/Versions/A/Frameworks/CommerceCore.framework/Versions/A/CommerceCore
0x000000000354a000 	/System/Library/PrivateFrameworks/SystemAdministration.framework/Versions/A/SystemAdministration
0x000000000354a000 	/System/Library/Frameworks/DirectoryService.framework/Versions/A/DirectoryService
0x000000000354a000 	/System/Library/PrivateFrameworks/DiskImages.framework/Versions/A/DiskImages
0x000000000354a000 	/System/Library/PrivateFrameworks/LoginUIKit.framework/Versions/A/Frameworks/LoginUICore.framework/Versions/A/LoginUICore
0x000000000354a000 	/usr/lib/libCoreStorage.dylib
0x000000000354a000 	/usr/lib/libcsfde.dylib
0x000000000354a000 	/usr/lib/libodfde.dylib
0x000000000354a000 	/System/Library/Frameworks/DiscRecording.framework/Versions/A/DiscRecording
0x000000000354a000 	/usr/lib/libcurl.4.dylib
0x000000000354a000 	/System/Library/PrivateFrameworks/MediaKit.framework/Versions/A/MediaKit
0x000000000354a000 	/System/Library/PrivateFrameworks/EFILogin.framework/Versions/A/EFILogin
0x000000000354a000 	/usr/lib/libutil.dylib
0x000000000354a000 	/System/Library/PrivateFrameworks/AOSNotification.framework/Versions/A/AOSNotification
0x000000000354a000 	/System/Library/Frameworks/LDAP.framework/Versions/A/LDAP
0x000000000354a000 	/usr/lib/libsasl2.2.dylib
0x000000000354a000 	/usr/lib/libcrypto.0.9.8.dylib
0x000000000354a000 	/usr/lib/libssl.0.9.8.dylib
0x0000000129a9b000 	/private/var/folders/8q/52ml7xy5159_3s1sqnnswkcr0000gn/T/rxtx-rebundled-2.2pre28831128210152404074/tmp_6607862383502842251_librxtxSerial.jnilib

VM Arguments:
java_command: /Users/leo/projects/xwot/server/apps/FirstXwot/FirstXwotServer/target/surefire/surefirebooter4490302562867016098.jar /Users/leo/projects/xwot/server/apps/FirstXwot/FirstXwotServer/target/surefire/surefire3320406534070827775tmp /Users/leo/projects/xwot/server/apps/FirstXwot/FirstXwotServer/target/surefire/surefire_04080487133411338428tmp
java_class_path (initial): /Users/leo/projects/xwot/server/apps/FirstXwot/FirstXwotServer/target/surefire/surefirebooter4490302562867016098.jar
Launcher Type: SUN_STANDARD

Environment Variables:
JAVA_HOME=/Library/Java/JavaVirtualMachines/jdk1.8.0_20.jdk/Contents/Home
PATH=/Users/leo/.rvm/gems/ruby-2.1.2/bin:/Users/leo/.rvm/gems/ruby-2.1.2@global/bin:/Users/leo/.rvm/rubies/ruby-2.1.2/bin:/usr/bin:/bin:/usr/sbin:/sbin:/usr/local/bin:/usr/local/MacGPG2/bin:/usr/texbin:/Applications/Postgres.app/Contents/Versions/9.3/bin:/usr/texbin:/Users/leo/.rvm/bin
SHELL=/bin/bash

Signal Handlers:
SIGSEGV: [libjvm.dylib+0x578fd7], sa_mask[0]=11111111011111110111111111111111, sa_flags=SA_ONSTACK|SA_RESTART|SA_SIGINFO
SIGBUS: [libjvm.dylib+0x578fd7], sa_mask[0]=11111111011111110111111111111111, sa_flags=SA_RESTART|SA_SIGINFO
SIGFPE: [libjvm.dylib+0x45ab0c], sa_mask[0]=11111111011111110111111111111111, sa_flags=SA_RESTART|SA_SIGINFO
SIGPIPE: [libjvm.dylib+0x45ab0c], sa_mask[0]=11111111011111110111111111111111, sa_flags=SA_RESTART|SA_SIGINFO
SIGXFSZ: [libjvm.dylib+0x45ab0c], sa_mask[0]=11111111011111110111111111111111, sa_flags=SA_RESTART|SA_SIGINFO
SIGILL: [libjvm.dylib+0x45ab0c], sa_mask[0]=11111111011111110111111111111111, sa_flags=SA_RESTART|SA_SIGINFO
SIGUSR1: SIG_DFL, sa_mask[0]=11011111011111100000000111000110, sa_flags=none
SIGUSR2: [libjvm.dylib+0x45a62a], sa_mask[0]=00100000000000000000000000000000, sa_flags=SA_RESTART|SA_SIGINFO
SIGHUP: [libjvm.dylib+0x458bfd], sa_mask[0]=11111111011111110111111111111111, sa_flags=SA_RESTART|SA_SIGINFO
SIGINT: [libjvm.dylib+0x458bfd], sa_mask[0]=11111111011111110111111111111111, sa_flags=SA_RESTART|SA_SIGINFO
SIGTERM: [libjvm.dylib+0x458bfd], sa_mask[0]=11111111011111110111111111111111, sa_flags=SA_RESTART|SA_SIGINFO
SIGQUIT: [libjvm.dylib+0x458bfd], sa_mask[0]=11111111011111110111111111111111, sa_flags=SA_RESTART|SA_SIGINFO


---------------  S Y S T E M  ---------------

OS:Bsduname:Darwin 13.3.0 Darwin Kernel Version 13.3.0: Tue Jun  3 21:27:35 PDT 2014; root:xnu-2422.110.17~1/RELEASE_X86_64 x86_64
rlimit: STACK 8192k, CORE 0k, NPROC 709, NOFILE 10240, AS infinity
load average:2,34 3,46 2,94

CPU:total 8 (4 cores per cpu, 2 threads per core) family 6 model 58 stepping 9, cmov, cx8, fxsr, mmx, sse, sse2, sse3, ssse3, sse4.1, sse4.2, popcnt, avx, aes, clmul, erms, ht, tsc, tscinvbit, tscinv

Memory: 4k page, physical 8388608k(2662096k free)

/proc/meminfo:


vm_info: Java HotSpot(TM) 64-Bit Server VM (25.20-b23) for bsd-amd64 JRE (1.8.0_20-b26), built on Jul 30 2014 13:37:47 by "java_re" with gcc 4.2.1 (Based on Apple Inc. build 5658) (LLVM build 2336.9.00)

time: Sat Aug 30 12:06:29 2014
elapsed time: 0 seconds (0d 0h 0m 0s)

